<?xml version="1.0" encoding="UTF-8"?>
<testsuite name="com.example.mongoApp.TestMainVerticle" tests="1" skipped="0" failures="0" errors="0" timestamp="2024-10-31T13:13:03" hostname="DESKTOP-UN4JON8" time="0.555">
  <properties/>
  <testcase name="verticle_deployed(Vertx, VertxTestContext)" classname="com.example.mongoApp.TestMainVerticle" time="0.555"/>
  <system-out><![CDATA[HTTP server started on port 8888
]]></system-out>
  <system-err><![CDATA[]]></system-err>
</testsuite>
